flutter/BnTrackerV2/build/app/intermediates/manifest_merge_blame_file/release/manifest-merger-blame-release-report.txt
1<?xml version="1.0" encoding="utf-8"?>
2<manifest xmlns:android="http://schemas.android.com/apk/res/android"
3    package="com.example.BnTrackerV2"
4    android:versionCode="1"
5    android:versionName="1.0.0" >
6
7    <uses-sdk
8        android:minSdkVersion="18"
8-->src/main/AndroidManifest.xml
9        android:targetSdkVersion="29" />
9-->src/main/AndroidManifest.xml
10    <!--
11         io.flutter.app.FlutterApplication is an android.app.Application that
12         calls FlutterMain.startInitialization(this); in its onCreate method.
13         In most cases you can leave this as-is, but you if you want to provide
14         additional functionality it is fine to subclass or reimplement
15         FlutterApplication and put your custom class here.
16    -->
17    <uses-permission android:name="android.permission.CAMERA" />
17-->src/main/AndroidManifest.xml:8:5-65
17-->src/main/AndroidManifest.xml:8:22-62
18    <uses-permission android:name="android.permission.WRITE_EXTERNAL_STORAGE" />
18-->src/main/AndroidManifest.xml:9:5-80
18-->src/main/AndroidManifest.xml:9:22-78
19    <uses-permission android:name="android.permission.READ_EXTERNAL_STORAGE" />
19-->src/main/AndroidManifest.xml:10:5-79
19-->src/main/AndroidManifest.xml:10:22-77
20    <uses-permission android:name="android.permission.FOREGROUND_SERVICE" />
20-->src/main/AndroidManifest.xml:11:5-77
20-->src/main/AndroidManifest.xml:11:22-74
21    <uses-permission android:name="android.permission.ACCESS_BACKGROUND_LOCATION" />
21-->src/main/AndroidManifest.xml:12:5-84
21-->src/main/AndroidManifest.xml:12:22-82
22    <uses-permission android:name="android.permission.ACCESS_COARSE_LOCATION" />
22-->[:location] AndroidManifest.xml:7:5-81
22-->[:location] AndroidManifest.xml:7:22-78
23    <uses-permission android:name="android.permission.ACCESS_FINE_LOCATION" />
23-->[:location] AndroidManifest.xml:8:5-79
23-->[:location] AndroidManifest.xml:8:22-76
24    <uses-permission android:name="android.permission.VIBRATE" />
24-->[:qrscan] AndroidManifest.xml:8:5-66
24-->[:qrscan] AndroidManifest.xml:8:22-63
25    <uses-permission android:name="android.permission.FLASHLIGHT" />
25-->[:qrscan] AndroidManifest.xml:9:5-69
25-->[:qrscan] AndroidManifest.xml:9:22-66
26
27    <uses-feature android:name="android.hardware.camera" />
27-->[:qrscan] AndroidManifest.xml:11:5-60
27-->[:qrscan] AndroidManifest.xml:11:19-57
28    <uses-feature android:name="android.hardware.camera.autofocus" />
28-->[:qrscan] AndroidManifest.xml:12:5-70
28-->[:qrscan] AndroidManifest.xml:12:19-67
29
30    <uses-permission android:name="android.permission.WAKE_LOCK" />
30-->[:qrscan] AndroidManifest.xml:14:5-68
30-->[:qrscan] AndroidManifest.xml:14:22-65
31    <uses-permission android:name="android.permission.INTERNET" />
31-->[:qrscan] AndroidManifest.xml:17:5-67
31-->[:qrscan] AndroidManifest.xml:17:22-64
32    <uses-permission android:name="android.permission.BLUETOOTH" />
32-->[com.github.Polidea:MultiPlatformBleAdapter:0.1.7] AndroidManifest.xml:11:5-68
32-->[com.github.Polidea:MultiPlatformBleAdapter:0.1.7] AndroidManifest.xml:11:22-65
33    <uses-permission android:name="android.permission.BLUETOOTH_ADMIN" />
33-->[com.github.Polidea:MultiPlatformBleAdapter:0.1.7] AndroidManifest.xml:12:5-74
33-->[com.github.Polidea:MultiPlatformBleAdapter:0.1.7] AndroidManifest.xml:12:22-71
34
35    <uses-permission-sdk-23 android:name="android.permission.ACCESS_COARSE_LOCATION" />
35-->[com.github.Polidea:MultiPlatformBleAdapter:0.1.7] AndroidManifest.xml:14:5-88
35-->[com.github.Polidea:MultiPlatformBleAdapter:0.1.7] AndroidManifest.xml:14:29-85
36    <uses-permission-sdk-23 android:name="android.permission.ACCESS_FINE_LOCATION" />
36-->[com.polidea.rxandroidble:rxandroidble:1.7.1] AndroidManifest.xml:15:5-86
36-->[com.polidea.rxandroidble:rxandroidble:1.7.1] AndroidManifest.xml:15:29-83
37
38    <application
38-->src/main/AndroidManifest.xml:13:5-51:19
39        android:name="io.flutter.app.FlutterApplication"
39-->src/main/AndroidManifest.xml:14:9-57
40        android:allowBackup="true"
40-->[:qrscan] AndroidManifest.xml:20:9-35
41        android:appComponentFactory="androidx.core.app.CoreComponentFactory"
41-->[androidx.core:core:1.3.2] AndroidManifest.xml:24:18-86
42        android:configChanges="orientation|keyboardHidden"
42-->[:qrscan] AndroidManifest.xml:21:9-59
43        android:icon="@mipmap/ic_launcher"
43-->src/main/AndroidManifest.xml:16:9-43
44        android:label="BnTrackerV2"
44-->src/main/AndroidManifest.xml:15:9-36
45        android:screenOrientation="portrait"
45-->[:qrscan] AndroidManifest.xml:23:9-45
46        android:supportsRtl="true"
46-->[:qrscan] AndroidManifest.xml:24:9-35
47        android:theme="@style/Theme.AppCompat.NoActionBar"
47-->[:qrscan] AndroidManifest.xml:25:9-59
48        android:windowSoftInputMode="stateAlwaysHidden" >
48-->[:qrscan] AndroidManifest.xml:26:9-56
49        <activity
49-->src/main/AndroidManifest.xml:17:9-45:20
50            android:name="com.example.BnTrackerV2.MainActivity"
50-->src/main/AndroidManifest.xml:18:13-41
51            android:configChanges="orientation|keyboardHidden|keyboard|screenSize|smallestScreenSize|locale|layoutDirection|fontScale|screenLayout|density|uiMode"
51-->src/main/AndroidManifest.xml:21:13-163
52            android:hardwareAccelerated="true"
52-->src/main/AndroidManifest.xml:22:13-47
53            android:launchMode="singleTop"
53-->src/main/AndroidManifest.xml:19:13-43
54            android:theme="@style/LaunchTheme"
54-->src/main/AndroidManifest.xml:20:13-47
55            android:windowSoftInputMode="adjustResize" >
55-->src/main/AndroidManifest.xml:23:13-55
56
57            <!--
58                 Specifies an Android theme to apply to this Activity as soon as
59                 the Android process has started. This theme is visible to the user
60                 while the Flutter UI initializes. After that, this theme continues
61                 to determine the Window background behind the Flutter UI.
62            -->
63            <meta-data
63-->src/main/AndroidManifest.xml:28:13-31:17
64                android:name="io.flutter.embedding.android.NormalTheme"
64-->src/main/AndroidManifest.xml:29:15-70
65                android:resource="@style/NormalTheme" />
65-->src/main/AndroidManifest.xml:30:15-52
66            <!--
67                 Displays an Android View that continues showing the launch screen
68                 Drawable until Flutter paints its first frame, then this splash
69                 screen fades out. A splash screen is useful to avoid any visual
70                 gap between the end of Android's launch screen and the painting of
71                 Flutter's first frame.
72            -->
73            <meta-data
73-->src/main/AndroidManifest.xml:37:13-40:17
74                android:name="io.flutter.embedding.android.SplashScreenDrawable"
74-->src/main/AndroidManifest.xml:38:15-79
75                android:resource="@drawable/launch_background" />
75-->src/main/AndroidManifest.xml:39:15-61
76
77            <intent-filter>
77-->src/main/AndroidManifest.xml:41:13-44:29
78                <action android:name="android.intent.action.MAIN" />
78-->src/main/AndroidManifest.xml:42:17-68
78-->src/main/AndroidManifest.xml:42:25-66
79
80                <category android:name="android.intent.category.LAUNCHER" />
80-->src/main/AndroidManifest.xml:43:17-76
80-->src/main/AndroidManifest.xml:43:27-74
81            </intent-filter>
82        </activity>
83        <!--
84             Don't delete the meta-data below.
85             This is used by the Flutter tool to generate GeneratedPluginRegistrant.java
86        -->
87        <meta-data
87-->src/main/AndroidManifest.xml:48:9-50:33
88            android:name="flutterEmbedding"
88-->src/main/AndroidManifest.xml:49:13-44
89            android:value="2" />
89-->src/main/AndroidManifest.xml:50:13-30
90
91        <service
91-->[:location] AndroidManifest.xml:11:9-15:56
92            android:name="com.lyokone.location.FlutterLocationService"
92-->[:location] AndroidManifest.xml:12:13-71
93            android:enabled="true"
93-->[:location] AndroidManifest.xml:13:13-35
94            android:exported="false"
94-->[:location] AndroidManifest.xml:14:13-37
95            android:foregroundServiceType="location" />
95-->[:location] AndroidManifest.xml:15:13-53
96
97        <activity android:name="com.shinow.qrscan.SecondActivity" />
97-->[:qrscan] AndroidManifest.xml:27:9-69
97-->[:qrscan] AndroidManifest.xml:27:19-66
98
99        <provider
99-->[com.squareup.picasso:picasso:2.71828] AndroidManifest.xml:8:9-11:40
100            android:name="com.squareup.picasso.PicassoProvider"
100-->[com.squareup.picasso:picasso:2.71828] AndroidManifest.xml:9:13-64
101            android:authorities="com.example.BnTrackerV2.com.squareup.picasso"
101-->[com.squareup.picasso:picasso:2.71828] AndroidManifest.xml:10:13-72
102            android:exported="false" />
102-->[com.squareup.picasso:picasso:2.71828] AndroidManifest.xml:11:13-37
103
104        <activity
104-->[com.github.leyan95:android-zxingLibrary:0.1.2-PRE] AndroidManifest.xml:14:9-19:63
105            android:name="com.uuzuche.lib_zxing.activity.CaptureActivity"
105-->[com.github.leyan95:android-zxingLibrary:0.1.2-PRE] AndroidManifest.xml:15:13-74
106            android:configChanges="orientation|keyboardHidden"
106-->[com.github.leyan95:android-zxingLibrary:0.1.2-PRE] AndroidManifest.xml:16:13-63
107            android:screenOrientation="portrait"
107-->[com.github.leyan95:android-zxingLibrary:0.1.2-PRE] AndroidManifest.xml:17:13-49
108            android:theme="@style/Theme.AppCompat.NoActionBar"
108-->[com.github.leyan95:android-zxingLibrary:0.1.2-PRE] AndroidManifest.xml:18:13-63
109            android:windowSoftInputMode="stateAlwaysHidden" />
109-->[com.github.leyan95:android-zxingLibrary:0.1.2-PRE] AndroidManifest.xml:19:13-60
110        <activity
110-->[com.google.android.gms:play-services-base:16.0.1] AndroidManifest.xml:23:9-26:75
111            android:name="com.google.android.gms.common.api.GoogleApiActivity"
111-->[com.google.android.gms:play-services-base:16.0.1] AndroidManifest.xml:24:13-79
112            android:exported="false"
112-->[com.google.android.gms:play-services-base:16.0.1] AndroidManifest.xml:25:13-37
113            android:theme="@android:style/Theme.Translucent.NoTitleBar" />
113-->[com.google.android.gms:play-services-base:16.0.1] AndroidManifest.xml:26:13-72
114
115        <meta-data
115-->[com.google.android.gms:play-services-basement:16.0.1] AndroidManifest.xml:23:9-25:69
116            android:name="com.google.android.gms.version"
116-->[com.google.android.gms:play-services-basement:16.0.1] AndroidManifest.xml:24:13-58
117            android:value="@integer/google_play_services_version" />
117-->[com.google.android.gms:play-services-basement:16.0.1] AndroidManifest.xml:25:13-66
118    </application>
119
120</manifest>